0 info it worked if it ends with ok
1 verbose cli [ 'C:\\Program Files\\nodejs\\node.exe',
1 verbose cli   'C:\\Users\\Ruta\\AppData\\Roaming\\npm\\node_modules\\npm\\bin\\npm-cli.js',
1 verbose cli   'start' ]
2 info using npm@4.0.2
3 info using node@v4.6.1
4 verbose run-script [ 'prestart', 'start', 'poststart' ]
5 info lifecycle SharingIsCaring@1.0.0~prestart: SharingIsCaring@1.0.0
6 silly lifecycle SharingIsCaring@1.0.0~prestart: no script for prestart, continuing
7 info lifecycle SharingIsCaring@1.0.0~start: SharingIsCaring@1.0.0
8 verbose lifecycle SharingIsCaring@1.0.0~start: unsafe-perm in lifecycle true
9 verbose lifecycle SharingIsCaring@1.0.0~start: PATH: C:\Users\Ruta\AppData\Roaming\npm\node_modules\npm\bin\node-gyp-bin;C:\Users\Ruta\Documents\GitHub\SharingIsCaring\client\node_modules\.bin;C:\Users\Ruta\Downloads\cmder\bin;C:\Users\Ruta\Downloads\cmder\vendor\git-for-windows\cmd;C:\Users\Ruta\Downloads\cmder\vendor\conemu-maximus5\ConEmu\Scripts;C:\Users\Ruta\Downloads\cmder\vendor\conemu-maximus5;C:\Users\Ruta\Downloads\cmder\vendor\conemu-maximus5\ConEmu;C:\Program Files\NVIDIA GPU Computing Toolkit\CUDA\v5.5\bin;C:\Program Files\NVIDIA GPU Computing Toolkit\CUDA\v5.5\libnvvp;C:\ProgramData\Oracle\Java\javapath;C:\Windows\system32;C:\Windows;C:\Windows\System32\Wbem;C:\Windows\System32\WindowsPowerShell\v1.0\;C:\Program Files (x86)\NVIDIA Corporation\PhysX\Common;C:\Program Files\MATLAB\R2010b\runtime\win64;C:\Program Files\MATLAB\R2010b\bin;C:\Users\Ruta\.dnx\bin;C:\Program Files\Microsoft DNX\Dnvm\;C:\Program Files\Microsoft\Web Platform Installer\;C:\Program Files (x86)\Microsoft ASP.NET\ASP.NET Web Pages\v1.0\;C:\Program Files (x86)\Windows Kits\8.0\Windows Performance Toolkit\;C:\Program Files\Microsoft SQL Server\110\Tools\Binn\;C:\Program Files (x86)\Skype\Phone\;C:\Program Files (x86)\scala\bin;C:\Program Files\Microsoft SQL Server\120\Tools\Binn\;C:\Program Files\Microsoft SQL Server\130\Tools\Binn\;C:\Program Files\dotnet\;C:\Program Files\nodejs\;C:\Program Files\Microsoft SQL Server\Client SDK\ODBC\110\Tools\Binn\;C:\Program Files (x86)\Microsoft SQL Server\120\Tools\Binn\;C:\Program Files\Microsoft SQL Server\120\DTS\Binn\;C:\Program Files (x86)\Microsoft SQL Server\120\Tools\Binn\ManagementStudio\;C:\Program Files (x86)\Microsoft SQL Server\120\DTS\Binn\;C:\Program Files (x86)\Brackets\command;C:\ProgramData\Oracle\Java\javapath;C:\Windows\system32;C:\Windows;C:\Windows\System32\Wbem;C:\Windows\System32\WindowsPowerShell\v1.0\;C:\Program Files (x86)\NVIDIA Corporation\PhysX\Common;C:\Program Files\MATLAB\R2010b\runtime\win64;C:\Program Files\MATLAB\R2010b\bin;C:\Windows\system32\config\systemprofile\.dnx\bin;C:\Program Files\Microsoft DNX\Dnvm\;C:\Users\Ruta\AppData\Local\atom\bin;C:\Windows\Microsoft.NET\Framework\v3.5;C:\Program Files (x86)\scala\bin;C:\xampp\php;C:\Users\Ruta\AppData\Roaming\npm;C:\Program Files\PostgreSQL\9.4\bin;C:\Program Files\PostgreSQL\9.4\lib;C:\Users\Ruta\Downloads\cmder\vendor\git-for-windows\usr\bin;C:\Users\Ruta\Downloads\cmder\vendor\git-for-windows\usr\share\vim\vim74;C:\Users\Ruta\Downloads\cmder\
10 verbose lifecycle SharingIsCaring@1.0.0~start: CWD: C:\Users\Ruta\Documents\GitHub\SharingIsCaring\client
11 silly lifecycle SharingIsCaring@1.0.0~start: Args: [ '/d /s /c',
11 silly lifecycle   'webpack-dev-server --host 120.0.0.1 --port 8080' ]
12 silly lifecycle SharingIsCaring@1.0.0~start: Returned: code: 1  signal: null
13 info lifecycle SharingIsCaring@1.0.0~start: Failed to exec start script
14 verbose stack Error: SharingIsCaring@1.0.0 start: `webpack-dev-server --host 120.0.0.1 --port 8080`
14 verbose stack Exit status 1
14 verbose stack     at EventEmitter.<anonymous> (C:\Users\Ruta\AppData\Roaming\npm\node_modules\npm\lib\utils\lifecycle.js:279:16)
14 verbose stack     at emitTwo (events.js:87:13)
14 verbose stack     at EventEmitter.emit (events.js:172:7)
14 verbose stack     at ChildProcess.<anonymous> (C:\Users\Ruta\AppData\Roaming\npm\node_modules\npm\lib\utils\spawn.js:40:14)
14 verbose stack     at emitTwo (events.js:87:13)
14 verbose stack     at ChildProcess.emit (events.js:172:7)
14 verbose stack     at maybeClose (internal/child_process.js:829:16)
14 verbose stack     at Process.ChildProcess._handle.onexit (internal/child_process.js:211:5)
15 verbose pkgid SharingIsCaring@1.0.0
16 verbose cwd C:\Users\Ruta\Documents\GitHub\SharingIsCaring\client
17 error Windows_NT 6.3.9600
18 error argv "C:\\Program Files\\nodejs\\node.exe" "C:\\Users\\Ruta\\AppData\\Roaming\\npm\\node_modules\\npm\\bin\\npm-cli.js" "start"
19 error node v4.6.1
20 error npm  v4.0.2
21 error code ELIFECYCLE
22 error SharingIsCaring@1.0.0 start: `webpack-dev-server --host 120.0.0.1 --port 8080`
22 error Exit status 1
23 error Failed at the SharingIsCaring@1.0.0 start script 'webpack-dev-server --host 120.0.0.1 --port 8080'.
23 error Make sure you have the latest version of node.js and npm installed.
23 error If you do, this is most likely a problem with the SharingIsCaring package,
23 error not with npm itself.
23 error Tell the author that this fails on your system:
23 error     webpack-dev-server --host 120.0.0.1 --port 8080
23 error You can get information on how to open an issue for this project with:
23 error     npm bugs SharingIsCaring
23 error Or if that isn't available, you can get their info via:
23 error     npm owner ls SharingIsCaring
23 error There is likely additional logging output above.
24 verbose exit [ 1, true ]
